<?xml version="1.0" encoding="UTF-8"?>
<testsuite xmlns:xsi="http://www.w3.org/2001/XMLSchema-instance" xsi:noNamespaceSchemaLocation="https://maven.apache.org/surefire/maven-surefire-plugin/xsd/surefire-test-report-3.0.xsd" version="3.0" name="TestSuite" time="67.591" tests="2" errors="0" skipped="0" failures="2">
  <properties>
[...]
</properties>
  <testcase name="Operations" classname="FlipKart.FlipkartTest" time="12.185">
    <failure message="Unable to locate element: //div[@class=&apos;_39M2dM&apos;]//input[@type=&apos;text&apos;]&#10;For documentation on this error, please visit: http://seleniumhq.org/exceptions/no_such_element.html&#10;Build info: version: &apos;3.14.0&apos;, revision: &apos;aacccce0&apos;, time: &apos;2018-08-02T20:19:58.91Z&apos;&#10;System info: host: &apos;JHANSI-PC&apos;, ip: &apos;192.168.55.104&apos;, os.name: &apos;Windows 7&apos;, os.arch: &apos;x86&apos;, os.version: &apos;6.1&apos;, java.version: &apos;1.8.0_151&apos;&#10;Driver info: org.openqa.selenium.firefox.FirefoxDriver&#10;Capabilities {acceptInsecureCerts: true, browserName: firefox, browserVersion: 68.0.1, javascriptEnabled: true, moz:accessibilityChecks: false, moz:buildID: 20190717172542, moz:geckodriverVersion: 0.23.0, moz:headless: false, moz:processID: 4332, moz:profile: C:\Users\JHANSI\AppData\Loc..., moz:shutdownTimeout: 60000, moz:useNonSpecCompliantPointerOrigin: false, moz:webdriverClick: true, pageLoadStrategy: normal, platform: WINDOWS, platformName: WINDOWS, platformVersion: 6.1, rotatable: false, setWindowRect: true, strictFileInteractability: false, timeouts: {implicit: 0, pageLoad: 300000, script: 30000}, unhandledPromptBehavior: dismiss and notify}&#10;Session ID: 75cc93ce-9b6f-4020-a963-393cfcf353e8&#10;*** Element info: {Using=xpath, value=//div[@class=&apos;_39M2dM&apos;]//input[@type=&apos;text&apos;]}" type="org.openqa.selenium.NoSuchElementException">org.openqa.selenium.NoSuchElementException: 
Unable to locate element: //div[@class='_39M2dM']//input[@type='text']
For documentation on this error, please visit: http://seleniumhq.org/exceptions/no_such_element.html
Build info: version: '3.14.0', revision: 'aacccce0', time: '2018-08-02T20:19:58.91Z'
System info: host: 'JHANSI-PC', ip: '192.168.55.104', os.name: 'Windows 7', os.arch: 'x86', os.version: '6.1', java.version: '1.8.0_151'
Driver info: org.openqa.selenium.firefox.FirefoxDriver
Capabilities {acceptInsecureCerts: true, browserName: firefox, browserVersion: 68.0.1, javascriptEnabled: true, moz:accessibilityChecks: false, moz:buildID: 20190717172542, moz:geckodriverVersion: 0.23.0, moz:headless: false, moz:processID: 4332, moz:profile: C:\Users\JHANSI\AppData\Loc..., moz:shutdownTimeout: 60000, moz:useNonSpecCompliantPointerOrigin: false, moz:webdriverClick: true, pageLoadStrategy: normal, platform: WINDOWS, platformName: WINDOWS, platformVersion: 6.1, rotatable: false, setWindowRect: true, strictFileInteractability: false, timeouts: {implicit: 0, pageLoad: 300000, script: 30000}, unhandledPromptBehavior: dismiss and notify}
Session ID: 75cc93ce-9b6f-4020-a963-393cfcf353e8
*** Element info: {Using=xpath, value=//div[@class='_39M2dM']//input[@type='text']}
	at FlipKart.FlipkartTest.Operations(FlipkartTest.java:70)
</failure>
    <system-out><![CDATA[11-20-2019 11:30:51 FlipkartTest.java INFO  [main] FlipKart.FlipkartTest 32 - Instanciating webdrver
11-20-2019 11:30:51 FlipkartTest.java INFO  [main] FlipKart.FlipkartTest 33 - URL
11-20-2019 11:30:54 FlipkartTest.java INFO  [main] FlipKart.FlipkartTest 36 - Capturing Screenshot
total number of cookies = 3
Name of the cookie =ANID
path of the cookie =/
Value of the cookie =AHWqTUm2n8cdA5dUNa0fgDXBvJEYYFaZyEcqb90SxxUNY8vWVPhd5mxiUcVIdIkN
Name of the cookie =NID
path of the cookie =/
Value of the cookie =191=JZV81rvUqCrrkDCruS0oJkR79KxMusdq5ecrHFGUhqF0d8mEg85iZXNIaHYdx6INaU1owL0uitJYKpetZ_1nbeeOb9Hh2K66NgLk71IVLG52SukbiYVzYsrwwGP2xIKTwu_SOT0dQ2y4pTTMBjN745J1hPlkaBg27GJlVHmdNWU
Name of the cookie =1P_JAR
path of the cookie =/
Value of the cookie =2019-11-20-06
Cookies after deletion = 0
]]></system-out>
    <system-err><![CDATA[1574229602473	mozrunner::runner	INFO	Running command: "C:\\Program Files\\Mozilla Firefox\\firefox.exe" "-marionette" "-foreground" "-no-remote" "-profile" "C:\\Users\\JHANSI\\AppData\\Local\\Temp\\rust_mozprofile.UbTa8IiZlfwy"
console.error: JsonSchemaValidator.jsm: 
  Array expected but not received
console.error: Enterprise Policies: 
  Invalid parameters specified for Certificates.
1574229630247	addons.webextension.screenshots@mozilla.org	WARN	Loading extension 'screenshots@mozilla.org': Reading manifest: Invalid extension permission: mozillaAddons
1574229630247	addons.webextension.screenshots@mozilla.org	WARN	Loading extension 'screenshots@mozilla.org': Reading manifest: Invalid extension permission: telemetry
1574229630248	addons.webextension.screenshots@mozilla.org	WARN	Loading extension 'screenshots@mozilla.org': Reading manifest: Invalid extension permission: resource://pdf.js/
1574229630248	addons.webextension.screenshots@mozilla.org	WARN	Loading extension 'screenshots@mozilla.org': Reading manifest: Invalid extension permission: about:reader*
[GFX1]: Potential driver version mismatch ignored due to missing DLLs igd10umd32 v= and igd10iumd32 v=
[GFX1]: Potential driver version mismatch ignored due to missing DLLs igd10umd32 v= and igd10iumd32 v=
[GFX1]: Potential driver version mismatch ignored due to missing DLLs igd10umd32 v= and igd10iumd32 v=
[GFX1]: Potential driver version mismatch ignored due to missing DLLs igd10umd32 v= and igd10iumd32 v=
1574229648770	Marionette	INFO	Listening on port 53472
1574229649339	Marionette	WARN	TLS certificate errors will be ignored for this session
Nov 20, 2019 11:30:49 AM org.openqa.selenium.remote.ProtocolHandshake createSession
INFO: Detected dialect: W3C
console.error: BroadcastService: 
  receivedBroadcastMessage: handler for
  remote-settings/monitor_changes
  threw error:
  Message: Error: Polling for changes failed: http://%(server)s/dummy/blocklist//buckets/monitor/collections/changes/records?_expected=%221574208006201%22 is not a valid URL..
  Stack:
    remoteSettingsFunction/remoteSettings.pollChanges@resource://services-settings/remote-settings.js:201:13

]]></system-err>
  </testcase>
  <testcase name="MouseHover" classname="FlipKart.FlipkartTest" time="0.299">
    <failure message="Element &lt;a href=&quot;/sarees/pr?sid=2oq,c1r,3pj,7od&amp;otracker=nmenu_sub_Women_0_Sarees&amp;otracker=nmenu_sub_Women_0_Sarees&quot;&gt; could not be scrolled into view&#10;Build info: version: &apos;3.14.0&apos;, revision: &apos;aacccce0&apos;, time: &apos;2018-08-02T20:19:58.91Z&apos;&#10;System info: host: &apos;JHANSI-PC&apos;, ip: &apos;192.168.55.104&apos;, os.name: &apos;Windows 7&apos;, os.arch: &apos;x86&apos;, os.version: &apos;6.1&apos;, java.version: &apos;1.8.0_151&apos;&#10;Driver info: org.openqa.selenium.firefox.FirefoxDriver&#10;Capabilities {acceptInsecureCerts: true, browserName: firefox, browserVersion: 68.0.1, javascriptEnabled: true, moz:accessibilityChecks: false, moz:buildID: 20190717172542, moz:geckodriverVersion: 0.23.0, moz:headless: false, moz:processID: 4332, moz:profile: C:\Users\JHANSI\AppData\Loc..., moz:shutdownTimeout: 60000, moz:useNonSpecCompliantPointerOrigin: false, moz:webdriverClick: true, pageLoadStrategy: normal, platform: WINDOWS, platformName: WINDOWS, platformVersion: 6.1, rotatable: false, setWindowRect: true, strictFileInteractability: false, timeouts: {implicit: 0, pageLoad: 300000, script: 30000}, unhandledPromptBehavior: dismiss and notify}&#10;Session ID: 75cc93ce-9b6f-4020-a963-393cfcf353e8" type="org.openqa.selenium.ElementNotInteractableException"><![CDATA[org.openqa.selenium.ElementNotInteractableException: 
Element <a href="/sarees/pr?sid=2oq,c1r,3pj,7od&otracker=nmenu_sub_Women_0_Sarees&otracker=nmenu_sub_Women_0_Sarees"> could not be scrolled into view
Build info: version: '3.14.0', revision: 'aacccce0', time: '2018-08-02T20:19:58.91Z'
System info: host: 'JHANSI-PC', ip: '192.168.55.104', os.name: 'Windows 7', os.arch: 'x86', os.version: '6.1', java.version: '1.8.0_151'
Driver info: org.openqa.selenium.firefox.FirefoxDriver
Capabilities {acceptInsecureCerts: true, browserName: firefox, browserVersion: 68.0.1, javascriptEnabled: true, moz:accessibilityChecks: false, moz:buildID: 20190717172542, moz:geckodriverVersion: 0.23.0, moz:headless: false, moz:processID: 4332, moz:profile: C:\Users\JHANSI\AppData\Loc..., moz:shutdownTimeout: 60000, moz:useNonSpecCompliantPointerOrigin: false, moz:webdriverClick: true, pageLoadStrategy: normal, platform: WINDOWS, platformName: WINDOWS, platformVersion: 6.1, rotatable: false, setWindowRect: true, strictFileInteractability: false, timeouts: {implicit: 0, pageLoad: 300000, script: 30000}, unhandledPromptBehavior: dismiss and notify}
Session ID: 75cc93ce-9b6f-4020-a963-393cfcf353e8
	at FlipKart.FlipkartTest.MouseHover(FlipkartTest.java:95)
]]></failure>
  </testcase>
</testsuite>